0 info it worked if it ends with ok
1 verbose cli [ '/Users/llaugh/.nvm/v0.10.36/bin/node',
1 verbose cli   '/Users/llaugh/.nvm/v0.10.36/bin/npm',
1 verbose cli   'install',
1 verbose cli   'gulp-sass',
1 verbose cli   '--save-dev' ]
2 info using npm@1.4.28
3 info using node@v0.10.36
4 error Failed to parse json
4 error Unexpected end of input
5 error File: /Users/llaugh/Sites/SamuraiJack/package.json
6 error Failed to parse package.json data.
6 error package.json must be actual JSON, not just JavaScript.
6 error
6 error This is not a bug in npm.
6 error Tell the package author to fix their package.json file. JSON.parse
7 error System Darwin 14.5.0
8 error command "/Users/llaugh/.nvm/v0.10.36/bin/node" "/Users/llaugh/.nvm/v0.10.36/bin/npm" "install" "gulp-sass" "--save-dev"
9 error cwd /Users/llaugh/Sites/SamuraiJack
10 error node -v v0.10.36
11 error npm -v 1.4.28
12 error file /Users/llaugh/Sites/SamuraiJack/package.json
13 error code EJSONPARSE
14 verbose exit [ 1, true ]
